0 info it worked if it ends with ok
1 verbose cli [ '/usr/local/bin/node', '/usr/local/bin/npm', 'publish' ]
2 info using npm@3.10.9
3 info using node@v6.9.2
4 verbose publish [ '.' ]
5 silly cache add args [ '.', null ]
6 verbose cache add spec .
7 silly cache add parsed spec Result {
7 silly cache add   raw: '.',
7 silly cache add   scope: null,
7 silly cache add   escapedName: null,
7 silly cache add   name: null,
7 silly cache add   rawSpec: '.',
7 silly cache add   spec: '/Users/tom/me/projects/add-npm-scripts',
7 silly cache add   type: 'directory' }
8 verbose addLocalDirectory /Users/tom/.npm/add-npm-scripts/1.0.0/package.tgz not in flight; packing
9 verbose correctMkdir /Users/tom/.npm correctMkdir not in flight; initializing
10 info lifecycle add-npm-scripts@1.0.0~prepublish: add-npm-scripts@1.0.0
11 silly lifecycle add-npm-scripts@1.0.0~prepublish: no script for prepublish, continuing
12 verbose tar pack [ '/Users/tom/.npm/add-npm-scripts/1.0.0/package.tgz',
12 verbose tar pack   '/Users/tom/me/projects/add-npm-scripts' ]
13 verbose tarball /Users/tom/.npm/add-npm-scripts/1.0.0/package.tgz
14 verbose folder /Users/tom/me/projects/add-npm-scripts
15 verbose addLocalTarball adding from inside cache /Users/tom/.npm/add-npm-scripts/1.0.0/package.tgz
16 verbose correctMkdir /Users/tom/.npm correctMkdir not in flight; initializing
17 silly cache afterAdd add-npm-scripts@1.0.0
18 verbose afterAdd /Users/tom/.npm/add-npm-scripts/1.0.0/package/package.json not in flight; writing
19 verbose correctMkdir /Users/tom/.npm correctMkdir not in flight; initializing
20 verbose afterAdd /Users/tom/.npm/add-npm-scripts/1.0.0/package/package.json written
21 silly publish { name: 'add-npm-scripts',
21 silly publish   version: '1.0.0',
21 silly publish   description: 'add npm scripts to your package.json from CLI',
21 silly publish   main: 'lib/index.js',
21 silly publish   bin: { 'add-npm-scripts': 'bin/module.js' },
21 silly publish   dependencies:
21 silly publish    { 'js-object-pretty-print': '^0.3.0',
21 silly publish      'prompt-confirm': '^1.2.0' },
21 silly publish   devDependencies: {},
21 silly publish   keywords: [ 'npm', 'scripts', 'package.json', 'CLI' ],
21 silly publish   author:
21 silly publish    { name: 'tom hughes',
21 silly publish      email: 'tomhuhges@gmail.com',
21 silly publish      url: 'http://www.tomhuhges.com/' },
21 silly publish   license: 'ISC',
21 silly publish   readme: '# add-npm-scripts\n\nadd npm scripts to your package.json from CLI  \nboring version of [npm-add-script](https://github.com/coleww/npm-add-script)\n\n#### Install\n\n```bash\nnpm install -g add-npm-scripts\n```\n\n#### Usage\n\nRun the command from any directory with a `package.json` file. The command takes 3 parameters:\n\n- the script name\n- the script body\n- an optional `-w` or `--warn` flag\n\nThe default behaviour is to overwrite a script if it currently exists. The `-w` flag will warn the user that they\'re about to overwrite an existing script and will require a (y/n) confirmation.\n\n```bash\n$ add-npm-scripts <name> <body> [-w|--warn]\n```\n\neg.\n\n```bash\n$ add-npm-scripts start "node server.js"\n$ npm start\n> node server.js\n\nListening at http://localhost:3000/\n```\n',
21 silly publish   readmeFilename: 'README.md',
21 silly publish   gitHead: '4971889c4219e9567909ee18c67d003ee174a12a',
21 silly publish   _id: 'add-npm-scripts@1.0.0',
21 silly publish   scripts: {},
21 silly publish   _shasum: '104307910587f41cc7a1bcdb27caae89b0115d76',
21 silly publish   _from: '.' }
22 verbose getPublishConfig undefined
23 silly mapToRegistry name add-npm-scripts
24 silly mapToRegistry using default registry
25 silly mapToRegistry registry https://registry.npmjs.org/
26 silly mapToRegistry data Result {
26 silly mapToRegistry   raw: 'add-npm-scripts',
26 silly mapToRegistry   scope: null,
26 silly mapToRegistry   escapedName: 'add-npm-scripts',
26 silly mapToRegistry   name: 'add-npm-scripts',
26 silly mapToRegistry   rawSpec: '',
26 silly mapToRegistry   spec: 'latest',
26 silly mapToRegistry   type: 'tag' }
27 silly mapToRegistry uri https://registry.npmjs.org/add-npm-scripts
28 verbose publish registryBase https://registry.npmjs.org/
29 silly publish uploading /Users/tom/.npm/add-npm-scripts/1.0.0/package.tgz
30 verbose request uri https://registry.npmjs.org/add-npm-scripts
31 verbose request sending authorization for write operation
32 info attempt registry request try #1 at 10:31:50 PM
33 verbose request using bearer token for auth
34 verbose request id 827a6b976be99013
35 http request PUT https://registry.npmjs.org/add-npm-scripts
36 http 403 https://registry.npmjs.org/add-npm-scripts
37 verbose headers { 'content-type': 'application/json',
37 verbose headers   'cache-control': 'max-age=300',
37 verbose headers   'content-length': '108',
37 verbose headers   'accept-ranges': 'bytes',
37 verbose headers   date: 'Tue, 12 Sep 2017 21:31:51 GMT',
37 verbose headers   via: '1.1 varnish',
37 verbose headers   connection: 'keep-alive',
37 verbose headers   'x-served-by': 'cache-lcy1125-LCY',
37 verbose headers   'x-cache': 'MISS',
37 verbose headers   'x-cache-hits': '0',
37 verbose headers   'x-timer': 'S1505251911.103413,VS0,VE463',
37 verbose headers   vary: 'Accept-Encoding, Accept' }
38 verbose request invalidating /Users/tom/.npm/registry.npmjs.org/add-npm-scripts on PUT
39 error publish Failed PUT 403
40 verbose stack Error: You do not have permission to publish "add-npm-scripts". Are you logged in as the correct user? : add-npm-scripts
40 verbose stack     at makeError (/usr/local/lib/node_modules/npm/node_modules/npm-registry-client/lib/request.js:302:12)
40 verbose stack     at CachingRegistryClient.<anonymous> (/usr/local/lib/node_modules/npm/node_modules/npm-registry-client/lib/request.js:290:14)
40 verbose stack     at Request._callback (/usr/local/lib/node_modules/npm/node_modules/npm-registry-client/lib/request.js:210:14)
40 verbose stack     at Request.self.callback (/usr/local/lib/node_modules/npm/node_modules/request/request.js:187:22)
40 verbose stack     at emitTwo (events.js:106:13)
40 verbose stack     at Request.emit (events.js:191:7)
40 verbose stack     at Request.<anonymous> (/usr/local/lib/node_modules/npm/node_modules/request/request.js:1048:10)
40 verbose stack     at emitOne (events.js:96:13)
40 verbose stack     at Request.emit (events.js:188:7)
40 verbose stack     at IncomingMessage.<anonymous> (/usr/local/lib/node_modules/npm/node_modules/request/request.js:969:12)
41 verbose statusCode 403
42 verbose pkgid add-npm-scripts
43 verbose cwd /Users/tom/me/projects/add-npm-scripts
44 error Darwin 16.6.0
45 error argv "/usr/local/bin/node" "/usr/local/bin/npm" "publish"
46 error node v6.9.2
47 error npm  v3.10.9
48 error code E403
49 error You do not have permission to publish "add-npm-scripts". Are you logged in as the correct user? : add-npm-scripts
50 error If you need help, you may report this error at:
50 error     <https://github.com/npm/npm/issues>
51 verbose exit [ 1, true ]
